MPASM 5.84                          HARD.ASM   10-28-2025  0:43:55         PAGE  1


LOC  OBJECT CODE     LINE SOURCE TEXT
  VALUE

Warning[205]: Found directive in column 1. (LIST)
                      00001 LIST p=18f4520
                      00002 #include<p18f4520.inc>
                      00001         LIST
                      00002 
                      00003 ;==========================================================================
                      00004 ; Build date : Mar 17 2019
                      00005 ;  MPASM PIC18F4520 processor include
                      00006 ; 
                      00007 ;  (c) Copyright 1999-2019 Microchip Technology, All rights reserved
                      00008 ;==========================================================================
                      00009 
                      01489         LIST
                      00003 
                      00004     CONFIG OSC = INTIO67 ; Set internal oscillator to 1 MHz
                      00005     CONFIG WDT = OFF     ; Disable Watchdog Timer
                      00006     CONFIG LVP = OFF     ; Disable Low Voltage Programming
                      00007 
Warning[207]: Found label after column 1. (L1)
  00000014            00008     L1 EQU 0x14         ; Define L1 memory location
Warning[207]: Found label after column 1. (L2)
  00000015            00009     L2 EQU 0x15         ; Define L2 memory location
Warning[207]: Found label after column 1. (cnt)
  00000016            00010     cnt EQU 0x16
Warning[207]: Found label after column 1. (bulb)
  00000017            00011     bulb EQU 0x17
Warning[207]: Found label after column 1. (tmp)
  00000018            00012     tmp EQU 0x18
                      00013     org 0x00            ; Set program start address to 0x00
                      00014 MOVLF MACRO literal, f
                      00015     MOVLW   literal
                      00016     MOVWF   f
Warning[205]: Found directive in column 1. (ENDM)
                      00017 ENDM
                      00018 ; instruction frequency = 1 MHz / 4 = 0.25 MHz
                      00019 ; instruction time = 1/0.25 = 4 \mu s
                      00020 ; Total_cycles = 2 + (2 + 8 * num1 + 3) * num2 cycles
                      00021 ; num1 = 111, num2 = 70, Total_cycles = 62512 cycles
                      00022 ; Total_delay ~= Total_cycles * instruction time = 0.25 s
                      00023 DELAY_NO_LISTEN macro num1, num2
                      00024     local LOOP1         ; Inner loop
                      00025     local LOOP2         ; Outer loop
                      00026     
                      00027     ; 2 cycles
                      00028     MOVLW num2          ; Load num2 into WREG
                      00029     MOVWF L2            ; Store WREG value into L2
                      00030     
                      00031     ; Total_cycles for LOOP2 = 2 cycles
                      00032     LOOP2:
                      00033     MOVLW num1          
                      00034     MOVWF L1  
                      00035     
                      00036     ; Total_cycles for LOOP1 = 8 cycles
MPASM 5.84                          HARD.ASM   10-28-2025  0:43:55         PAGE  2


LOC  OBJECT CODE     LINE SOURCE TEXT
  VALUE

                      00037     LOOP1:
                      00038     NOP                 ; busy waiting
                      00039     NOP
                      00040     NOP
                      00041     NOP
                      00042     NOP
                      00043     DECFSZ L1, 1        
                      00044     BRA LOOP1           ; BRA instruction spends 2 cycles
                      00045     
                      00046     ; 3 cycles
                      00047     DECFSZ L2, 1        ; Decrement L2, skip if zero
                      00048     BRA LOOP2           
Warning[205]: Found directive in column 1. (endm)
                      00049 endm
                      00050 DELAY macro num1, num2
                      00051     local LOOP1         ; Inner loop
                      00052     local LOOP2         ; Outer loop
                      00053     
                      00054     ; 2 cycles
                      00055     MOVLW num2          ; Load num2 into WREG
                      00056     MOVWF L2            ; Store WREG value into L2
                      00057     
                      00058     ; Total_cycles for LOOP2 = 2 cycles
                      00059     LOOP2:
                      00060     MOVLW num1          
                      00061     MOVWF L1  
                      00062     
                      00063     ; Total_cycles for LOOP1 = 8 cycles
                      00064     LOOP1:
                      00065     BTFSS PORTB, 0
                      00066     return
                      00067     NOP                 ; busy waiting
                      00068     NOP
                      00069     NOP
                      00070     NOP
                      00071     NOP
                      00072     DECFSZ L1, 1        
                      00073     BRA LOOP1           ; BRA instruction spends 2 cycles
                      00074     
                      00075     ; 3 cycles
                      00076     DECFSZ L2, 1        ; Decrement L2, skip if zero
                      00077     BRA LOOP2           
Warning[205]: Found directive in column 1. (endm)
                      00078 endm
000000                00079 start:
000000                00080 int:
                      00081 ; let pin can receive digital signal
000000 0E00           00082     MOVLW 0x00
000002 6E16           00083     MOVWF cnt
000004 0E0F           00084     MOVLW 0x0f          ; Set ADCON1 register for digital mode
000006 6EC1           00085     MOVWF ADCON1        ; Store WREG value into ADCON1 register
000008 6A81           00086     CLRF PORTB          ; Clear PORTB
00000A 8093           00087     BSF TRISB, 0        ; Set RB0 as input (TRISB = 0000 0001)
MPASM 5.84                          HARD.ASM   10-28-2025  0:43:55         PAGE  3


LOC  OBJECT CODE     LINE SOURCE TEXT
  VALUE

00000C 9EF1           00088     BCF INTCON2, RBPU
00000E 6A89           00089     CLRF LATA           ; Clear LATA
000010 9092           00090     BCF TRISA, 0        ; Set RA0 as output (TRISA = 0000 0000)
000012 9292           00091     BCF TRISA, 1        ; Set RA1 as output (TRISA = 0000 0000)
000014 9492           00092     BCF TRISA, 2        ; Set RA2 as output (TRISA = 0000 0000)
000016 80D8           00093     BSF STATUS, C
                      00094 
000018 EF?? F???      00095     GOTO    check_process
                      00096     
Warning[207]: Found label after column 1. (_state2_3)
00001C                00097    _state2_3:
00001C 8417           00098         BSF bulb, 2
00001E C017 FF89      00099         MOVFF bulb, LATA
                      00100         DELAY d'111', d'70'
  0000                    M     local LOOP1         ; Inner loop
  0000                    M     local LOOP2         ; Outer loop
                          M     
                          M     ; 2 cycles
000022 0E46               M     MOVLW d'70'         ; Load num2 into WREG
000024 6E15               M     MOVWF L2            ; Store WREG value into L2
                          M     
                          M     ; Total_cycles for LOOP2 = 2 cycles
Warning[207]: Found label after column 1. (LOOP2)
000026                    M     LOOP2:
000026 0E6F               M     MOVLW d'111'        
000028 6E14               M     MOVWF L1  
                          M     
                          M     ; Total_cycles for LOOP1 = 8 cycles
Warning[207]: Found label after column 1. (LOOP1)
00002A                    M     LOOP1:
00002A A081               M     BTFSS PORTB, 0
00002C 0012               M     return
00002E 0000               M     NOP                 ; busy waiting
000030 0000               M     NOP
000032 0000               M     NOP
000034 0000               M     NOP
000036 0000               M     NOP
000038 2E14               M     DECFSZ L1, 1        
00003A D???               M     BRA LOOP1           ; BRA instruction spends 2 cycles
                          M     
                          M     ; 3 cycles
00003C 2E15               M     DECFSZ L2, 1        ; Decrement L2, skip if zero
00003E D???               M     BRA LOOP2           
                      00101         DELAY d'111', d'70'
  0000                    M     local LOOP1         ; Inner loop
  0000                    M     local LOOP2         ; Outer loop
                          M     
                          M     ; 2 cycles
000040 0E46               M     MOVLW d'70'         ; Load num2 into WREG
000042 6E15               M     MOVWF L2            ; Store WREG value into L2
                          M     
                          M     ; Total_cycles for LOOP2 = 2 cycles
Warning[207]: Found label after column 1. (LOOP2)
MPASM 5.84                          HARD.ASM   10-28-2025  0:43:55         PAGE  4


LOC  OBJECT CODE     LINE SOURCE TEXT
  VALUE

000044                    M     LOOP2:
000044 0E6F               M     MOVLW d'111'        
000046 6E14               M     MOVWF L1  
                          M     
                          M     ; Total_cycles for LOOP1 = 8 cycles
Warning[207]: Found label after column 1. (LOOP1)
000048                    M     LOOP1:
000048 A081               M     BTFSS PORTB, 0
00004A 0012               M     return
00004C 0000               M     NOP                 ; busy waiting
00004E 0000               M     NOP
000050 0000               M     NOP
000052 0000               M     NOP
000054 0000               M     NOP
000056 2E14               M     DECFSZ L1, 1        
000058 D???               M     BRA LOOP1           ; BRA instruction spends 2 cycles
                          M     
                          M     ; 3 cycles
00005A 2E15               M     DECFSZ L2, 1        ; Decrement L2, skip if zero
00005C D???               M     BRA LOOP2           
00005E 9217           00102         BCF     bulb, 1
000060 C017 FF89      00103         MOVFF   bulb, LATA
                      00104         DELAY d'111', d'70'
  0000                    M     local LOOP1         ; Inner loop
  0000                    M     local LOOP2         ; Outer loop
                          M     
                          M     ; 2 cycles
000064 0E46               M     MOVLW d'70'         ; Load num2 into WREG
000066 6E15               M     MOVWF L2            ; Store WREG value into L2
                          M     
                          M     ; Total_cycles for LOOP2 = 2 cycles
Warning[207]: Found label after column 1. (LOOP2)
000068                    M     LOOP2:
000068 0E6F               M     MOVLW d'111'        
00006A 6E14               M     MOVWF L1  
                          M     
                          M     ; Total_cycles for LOOP1 = 8 cycles
Warning[207]: Found label after column 1. (LOOP1)
00006C                    M     LOOP1:
00006C A081               M     BTFSS PORTB, 0
00006E 0012               M     return
000070 0000               M     NOP                 ; busy waiting
000072 0000               M     NOP
000074 0000               M     NOP
000076 0000               M     NOP
000078 0000               M     NOP
00007A 2E14               M     DECFSZ L1, 1        
00007C D???               M     BRA LOOP1           ; BRA instruction spends 2 cycles
                          M     
                          M     ; 3 cycles
00007E 2E15               M     DECFSZ L2, 1        ; Decrement L2, skip if zero
000080 D???               M     BRA LOOP2           
                      00105         DELAY d'111', d'70'
MPASM 5.84                          HARD.ASM   10-28-2025  0:43:55         PAGE  5


LOC  OBJECT CODE     LINE SOURCE TEXT
  VALUE

  0000                    M     local LOOP1         ; Inner loop
  0000                    M     local LOOP2         ; Outer loop
                          M     
                          M     ; 2 cycles
000082 0E46               M     MOVLW d'70'         ; Load num2 into WREG
000084 6E15               M     MOVWF L2            ; Store WREG value into L2
                          M     
                          M     ; Total_cycles for LOOP2 = 2 cycles
Warning[207]: Found label after column 1. (LOOP2)
000086                    M     LOOP2:
000086 0E6F               M     MOVLW d'111'        
000088 6E14               M     MOVWF L1  
                          M     
                          M     ; Total_cycles for LOOP1 = 8 cycles
Warning[207]: Found label after column 1. (LOOP1)
00008A                    M     LOOP1:
00008A A081               M     BTFSS PORTB, 0
00008C 0012               M     return
00008E 0000               M     NOP                 ; busy waiting
000090 0000               M     NOP
000092 0000               M     NOP
000094 0000               M     NOP
000096 0000               M     NOP
000098 2E14               M     DECFSZ L1, 1        
00009A D???               M     BRA LOOP1           ; BRA instruction spends 2 cycles
                          M     
                          M     ; 3 cycles
00009C 2E15               M     DECFSZ L2, 1        ; Decrement L2, skip if zero
00009E D???               M     BRA LOOP2           
                      00106         DELAY d'111', d'70'
  0000                    M     local LOOP1         ; Inner loop
  0000                    M     local LOOP2         ; Outer loop
                          M     
                          M     ; 2 cycles
0000A0 0E46               M     MOVLW d'70'         ; Load num2 into WREG
0000A2 6E15               M     MOVWF L2            ; Store WREG value into L2
                          M     
                          M     ; Total_cycles for LOOP2 = 2 cycles
Warning[207]: Found label after column 1. (LOOP2)
0000A4                    M     LOOP2:
0000A4 0E6F               M     MOVLW d'111'        
0000A6 6E14               M     MOVWF L1  
                          M     
                          M     ; Total_cycles for LOOP1 = 8 cycles
Warning[207]: Found label after column 1. (LOOP1)
0000A8                    M     LOOP1:
0000A8 A081               M     BTFSS PORTB, 0
0000AA 0012               M     return
0000AC 0000               M     NOP                 ; busy waiting
0000AE 0000               M     NOP
0000B0 0000               M     NOP
0000B2 0000               M     NOP
0000B4 0000               M     NOP
MPASM 5.84                          HARD.ASM   10-28-2025  0:43:55         PAGE  6


LOC  OBJECT CODE     LINE SOURCE TEXT
  VALUE

0000B6 2E14               M     DECFSZ L1, 1        
0000B8 D???               M     BRA LOOP1           ; BRA instruction spends 2 cycles
                          M     
                          M     ; 3 cycles
0000BA 2E15               M     DECFSZ L2, 1        ; Decrement L2, skip if zero
0000BC D???               M     BRA LOOP2           
                      00107         DELAY d'111', d'70'
  0000                    M     local LOOP1         ; Inner loop
  0000                    M     local LOOP2         ; Outer loop
                          M     
                          M     ; 2 cycles
0000BE 0E46               M     MOVLW d'70'         ; Load num2 into WREG
0000C0 6E15               M     MOVWF L2            ; Store WREG value into L2
                          M     
                          M     ; Total_cycles for LOOP2 = 2 cycles
Warning[207]: Found label after column 1. (LOOP2)
0000C2                    M     LOOP2:
0000C2 0E6F               M     MOVLW d'111'        
0000C4 6E14               M     MOVWF L1  
                          M     
                          M     ; Total_cycles for LOOP1 = 8 cycles
Warning[207]: Found label after column 1. (LOOP1)
0000C6                    M     LOOP1:
0000C6 A081               M     BTFSS PORTB, 0
0000C8 0012               M     return
0000CA 0000               M     NOP                 ; busy waiting
0000CC 0000               M     NOP
0000CE 0000               M     NOP
0000D0 0000               M     NOP
0000D2 0000               M     NOP
0000D4 2E14               M     DECFSZ L1, 1        
0000D6 D???               M     BRA LOOP1           ; BRA instruction spends 2 cycles
                          M     
                          M     ; 3 cycles
0000D8 2E15               M     DECFSZ L2, 1        ; Decrement L2, skip if zero
0000DA D???               M     BRA LOOP2           
0000DC 8217           00108         BSF     bulb, 1
0000DE C017 FF89      00109         MOVFF   bulb, LATA
                      00110 
0000E2 2E18           00111         DECFSZ  tmp
0000E4 EF?? F???      00112         GOTO    _state2_3
                      00113 
                      00114         DELAY d'111', d'70'
  0000                    M     local LOOP1         ; Inner loop
  0000                    M     local LOOP2         ; Outer loop
                          M     
                          M     ; 2 cycles
0000E8 0E46               M     MOVLW d'70'         ; Load num2 into WREG
0000EA 6E15               M     MOVWF L2            ; Store WREG value into L2
                          M     
                          M     ; Total_cycles for LOOP2 = 2 cycles
Warning[207]: Found label after column 1. (LOOP2)
0000EC                    M     LOOP2:
MPASM 5.84                          HARD.ASM   10-28-2025  0:43:55         PAGE  7


LOC  OBJECT CODE     LINE SOURCE TEXT
  VALUE

0000EC 0E6F               M     MOVLW d'111'        
0000EE 6E14               M     MOVWF L1  
                          M     
                          M     ; Total_cycles for LOOP1 = 8 cycles
Warning[207]: Found label after column 1. (LOOP1)
0000F0                    M     LOOP1:
0000F0 A081               M     BTFSS PORTB, 0
0000F2 0012               M     return
0000F4 0000               M     NOP                 ; busy waiting
0000F6 0000               M     NOP
0000F8 0000               M     NOP
0000FA 0000               M     NOP
0000FC 0000               M     NOP
0000FE 2E14               M     DECFSZ L1, 1        
000100 D???               M     BRA LOOP1           ; BRA instruction spends 2 cycles
                          M     
                          M     ; 3 cycles
000102 2E15               M     DECFSZ L2, 1        ; Decrement L2, skip if zero
000104 D???               M     BRA LOOP2           
                      00115         DELAY d'111', d'70'
  0000                    M     local LOOP1         ; Inner loop
  0000                    M     local LOOP2         ; Outer loop
                          M     
                          M     ; 2 cycles
000106 0E46               M     MOVLW d'70'         ; Load num2 into WREG
000108 6E15               M     MOVWF L2            ; Store WREG value into L2
                          M     
                          M     ; Total_cycles for LOOP2 = 2 cycles
Warning[207]: Found label after column 1. (LOOP2)
00010A                    M     LOOP2:
00010A 0E6F               M     MOVLW d'111'        
00010C 6E14               M     MOVWF L1  
                          M     
                          M     ; Total_cycles for LOOP1 = 8 cycles
Warning[207]: Found label after column 1. (LOOP1)
00010E                    M     LOOP1:
00010E A081               M     BTFSS PORTB, 0
000110 0012               M     return
000112 0000               M     NOP                 ; busy waiting
000114 0000               M     NOP
000116 0000               M     NOP
000118 0000               M     NOP
00011A 0000               M     NOP
00011C 2E14               M     DECFSZ L1, 1        
00011E D???               M     BRA LOOP1           ; BRA instruction spends 2 cycles
                          M     
                          M     ; 3 cycles
000120 2E15               M     DECFSZ L2, 1        ; Decrement L2, skip if zero
000122 D???               M     BRA LOOP2           
000124 0012           00116         RETURN  
Warning[207]: Found label after column 1. (_state0)
000126                00117     _state0:
                      00118         MOVLF 0x00, bulb
MPASM 5.84                          HARD.ASM   10-28-2025  0:43:55         PAGE  8


LOC  OBJECT CODE     LINE SOURCE TEXT
  VALUE

000126 0E00               M     MOVLW   0x00
000128 6E17               M     MOVWF   bulb
00012A C017 FF89      00119         MOVFF   bulb,LATA
00012E 0012           00120         return;
                      00121 
Warning[207]: Found label after column 1. (_state1)
000130                00122     _state1:
                      00123         MOVLF 0x01, bulb
000130 0E01               M     MOVLW   0x01
000132 6E17               M     MOVWF   bulb
000134 C017 FF89      00124         MOVFF bulb, LATA
                      00125         DELAY d'111', d'70'
  0000                    M     local LOOP1         ; Inner loop
  0000                    M     local LOOP2         ; Outer loop
                          M     
                          M     ; 2 cycles
000138 0E46               M     MOVLW d'70'         ; Load num2 into WREG
00013A 6E15               M     MOVWF L2            ; Store WREG value into L2
                          M     
                          M     ; Total_cycles for LOOP2 = 2 cycles
Warning[207]: Found label after column 1. (LOOP2)
00013C                    M     LOOP2:
00013C 0E6F               M     MOVLW d'111'        
00013E 6E14               M     MOVWF L1  
                          M     
                          M     ; Total_cycles for LOOP1 = 8 cycles
Warning[207]: Found label after column 1. (LOOP1)
000140                    M     LOOP1:
000140 A081               M     BTFSS PORTB, 0
000142 0012               M     return
000144 0000               M     NOP                 ; busy waiting
000146 0000               M     NOP
000148 0000               M     NOP
00014A 0000               M     NOP
00014C 0000               M     NOP
00014E 2E14               M     DECFSZ L1, 1        
000150 D???               M     BRA LOOP1           ; BRA instruction spends 2 cycles
                          M     
                          M     ; 3 cycles
000152 2E15               M     DECFSZ L2, 1        ; Decrement L2, skip if zero
000154 D???               M     BRA LOOP2           
                      00126         DELAY d'111', d'70'
  0000                    M     local LOOP1         ; Inner loop
  0000                    M     local LOOP2         ; Outer loop
                          M     
                          M     ; 2 cycles
000156 0E46               M     MOVLW d'70'         ; Load num2 into WREG
000158 6E15               M     MOVWF L2            ; Store WREG value into L2
                          M     
                          M     ; Total_cycles for LOOP2 = 2 cycles
Warning[207]: Found label after column 1. (LOOP2)
00015A                    M     LOOP2:
00015A 0E6F               M     MOVLW d'111'        
MPASM 5.84                          HARD.ASM   10-28-2025  0:43:55         PAGE  9


LOC  OBJECT CODE     LINE SOURCE TEXT
  VALUE

00015C 6E14               M     MOVWF L1  
                          M     
                          M     ; Total_cycles for LOOP1 = 8 cycles
Warning[207]: Found label after column 1. (LOOP1)
00015E                    M     LOOP1:
00015E A081               M     BTFSS PORTB, 0
000160 0012               M     return
000162 0000               M     NOP                 ; busy waiting
000164 0000               M     NOP
000166 0000               M     NOP
000168 0000               M     NOP
00016A 0000               M     NOP
00016C 2E14               M     DECFSZ L1, 1        
00016E D???               M     BRA LOOP1           ; BRA instruction spends 2 cycles
                          M     
                          M     ; 3 cycles
000170 2E15               M     DECFSZ L2, 1        ; Decrement L2, skip if zero
000172 D???               M     BRA LOOP2           
                      00127         
                      00128         MOVLF 0x02, bulb
000174 0E02               M     MOVLW   0x02
000176 6E17               M     MOVWF   bulb
000178 C017 FF89      00129         MOVFF bulb, LATA
                      00130         DELAY d'111', d'70'
  0000                    M     local LOOP1         ; Inner loop
  0000                    M     local LOOP2         ; Outer loop
                          M     
                          M     ; 2 cycles
00017C 0E46               M     MOVLW d'70'         ; Load num2 into WREG
00017E 6E15               M     MOVWF L2            ; Store WREG value into L2
                          M     
                          M     ; Total_cycles for LOOP2 = 2 cycles
Warning[207]: Found label after column 1. (LOOP2)
000180                    M     LOOP2:
000180 0E6F               M     MOVLW d'111'        
000182 6E14               M     MOVWF L1  
                          M     
                          M     ; Total_cycles for LOOP1 = 8 cycles
Warning[207]: Found label after column 1. (LOOP1)
000184                    M     LOOP1:
000184 A081               M     BTFSS PORTB, 0
000186 0012               M     return
000188 0000               M     NOP                 ; busy waiting
00018A 0000               M     NOP
00018C 0000               M     NOP
00018E 0000               M     NOP
000190 0000               M     NOP
000192 2E14               M     DECFSZ L1, 1        
000194 D???               M     BRA LOOP1           ; BRA instruction spends 2 cycles
                          M     
                          M     ; 3 cycles
000196 2E15               M     DECFSZ L2, 1        ; Decrement L2, skip if zero
000198 D???               M     BRA LOOP2           
MPASM 5.84                          HARD.ASM   10-28-2025  0:43:55         PAGE 10


LOC  OBJECT CODE     LINE SOURCE TEXT
  VALUE

                      00131         DELAY d'111', d'70'
  0000                    M     local LOOP1         ; Inner loop
  0000                    M     local LOOP2         ; Outer loop
                          M     
                          M     ; 2 cycles
00019A 0E46               M     MOVLW d'70'         ; Load num2 into WREG
00019C 6E15               M     MOVWF L2            ; Store WREG value into L2
                          M     
                          M     ; Total_cycles for LOOP2 = 2 cycles
Warning[207]: Found label after column 1. (LOOP2)
00019E                    M     LOOP2:
00019E 0E6F               M     MOVLW d'111'        
0001A0 6E14               M     MOVWF L1  
                          M     
                          M     ; Total_cycles for LOOP1 = 8 cycles
Warning[207]: Found label after column 1. (LOOP1)
0001A2                    M     LOOP1:
0001A2 A081               M     BTFSS PORTB, 0
0001A4 0012               M     return
0001A6 0000               M     NOP                 ; busy waiting
0001A8 0000               M     NOP
0001AA 0000               M     NOP
0001AC 0000               M     NOP
0001AE 0000               M     NOP
0001B0 2E14               M     DECFSZ L1, 1        
0001B2 D???               M     BRA LOOP1           ; BRA instruction spends 2 cycles
                          M     
                          M     ; 3 cycles
0001B4 2E15               M     DECFSZ L2, 1        ; Decrement L2, skip if zero
0001B6 D???               M     BRA LOOP2           
                      00132 
                      00133         MOVLF 0x04, bulb
0001B8 0E04               M     MOVLW   0x04
0001BA 6E17               M     MOVWF   bulb
0001BC C017 FF89      00134         MOVFF bulb, LATA
                      00135         DELAY d'111', d'70'
  0000                    M     local LOOP1         ; Inner loop
  0000                    M     local LOOP2         ; Outer loop
                          M     
                          M     ; 2 cycles
0001C0 0E46               M     MOVLW d'70'         ; Load num2 into WREG
0001C2 6E15               M     MOVWF L2            ; Store WREG value into L2
                          M     
                          M     ; Total_cycles for LOOP2 = 2 cycles
Warning[207]: Found label after column 1. (LOOP2)
0001C4                    M     LOOP2:
0001C4 0E6F               M     MOVLW d'111'        
0001C6 6E14               M     MOVWF L1  
                          M     
                          M     ; Total_cycles for LOOP1 = 8 cycles
Warning[207]: Found label after column 1. (LOOP1)
0001C8                    M     LOOP1:
0001C8 A081               M     BTFSS PORTB, 0
MPASM 5.84                          HARD.ASM   10-28-2025  0:43:55         PAGE 11


LOC  OBJECT CODE     LINE SOURCE TEXT
  VALUE

0001CA 0012               M     return
0001CC 0000               M     NOP                 ; busy waiting
0001CE 0000               M     NOP
0001D0 0000               M     NOP
0001D2 0000               M     NOP
0001D4 0000               M     NOP
0001D6 2E14               M     DECFSZ L1, 1        
0001D8 D???               M     BRA LOOP1           ; BRA instruction spends 2 cycles
                          M     
                          M     ; 3 cycles
0001DA 2E15               M     DECFSZ L2, 1        ; Decrement L2, skip if zero
0001DC D???               M     BRA LOOP2           
                      00136         DELAY d'111', d'70'
  0000                    M     local LOOP1         ; Inner loop
  0000                    M     local LOOP2         ; Outer loop
                          M     
                          M     ; 2 cycles
0001DE 0E46               M     MOVLW d'70'         ; Load num2 into WREG
0001E0 6E15               M     MOVWF L2            ; Store WREG value into L2
                          M     
                          M     ; Total_cycles for LOOP2 = 2 cycles
Warning[207]: Found label after column 1. (LOOP2)
0001E2                    M     LOOP2:
0001E2 0E6F               M     MOVLW d'111'        
0001E4 6E14               M     MOVWF L1  
                          M     
                          M     ; Total_cycles for LOOP1 = 8 cycles
Warning[207]: Found label after column 1. (LOOP1)
0001E6                    M     LOOP1:
0001E6 A081               M     BTFSS PORTB, 0
0001E8 0012               M     return
0001EA 0000               M     NOP                 ; busy waiting
0001EC 0000               M     NOP
0001EE 0000               M     NOP
0001F0 0000               M     NOP
0001F2 0000               M     NOP
0001F4 2E14               M     DECFSZ L1, 1        
0001F6 D???               M     BRA LOOP1           ; BRA instruction spends 2 cycles
                          M     
                          M     ; 3 cycles
0001F8 2E15               M     DECFSZ L2, 1        ; Decrement L2, skip if zero
0001FA D???               M     BRA LOOP2           
                      00137 
0001FC 0012           00138         RETURN  
Warning[207]: Found label after column 1. (_state2)
0001FE                00139     _state2:
                      00140         ;2_1
                      00141         MOVLF 0x01, bulb
0001FE 0E01               M     MOVLW   0x01
000200 6E17               M     MOVWF   bulb
000202 C017 FF89      00142         MOVFF    bulb, LATA
                      00143         DELAY d'111', d'70'
  0000                    M     local LOOP1         ; Inner loop
MPASM 5.84                          HARD.ASM   10-28-2025  0:43:55         PAGE 12


LOC  OBJECT CODE     LINE SOURCE TEXT
  VALUE

  0000                    M     local LOOP2         ; Outer loop
                          M     
                          M     ; 2 cycles
000206 0E46               M     MOVLW d'70'         ; Load num2 into WREG
000208 6E15               M     MOVWF L2            ; Store WREG value into L2
                          M     
                          M     ; Total_cycles for LOOP2 = 2 cycles
Warning[207]: Found label after column 1. (LOOP2)
00020A                    M     LOOP2:
00020A 0E6F               M     MOVLW d'111'        
00020C 6E14               M     MOVWF L1  
                          M     
                          M     ; Total_cycles for LOOP1 = 8 cycles
Warning[207]: Found label after column 1. (LOOP1)
00020E                    M     LOOP1:
00020E A081               M     BTFSS PORTB, 0
000210 0012               M     return
000212 0000               M     NOP                 ; busy waiting
000214 0000               M     NOP
000216 0000               M     NOP
000218 0000               M     NOP
00021A 0000               M     NOP
00021C 2E14               M     DECFSZ L1, 1        
00021E D???               M     BRA LOOP1           ; BRA instruction spends 2 cycles
                          M     
                          M     ; 3 cycles
000220 2E15               M     DECFSZ L2, 1        ; Decrement L2, skip if zero
000222 D???               M     BRA LOOP2           
                      00144         DELAY d'111', d'70'
  0000                    M     local LOOP1         ; Inner loop
  0000                    M     local LOOP2         ; Outer loop
                          M     
                          M     ; 2 cycles
000224 0E46               M     MOVLW d'70'         ; Load num2 into WREG
000226 6E15               M     MOVWF L2            ; Store WREG value into L2
                          M     
                          M     ; Total_cycles for LOOP2 = 2 cycles
Warning[207]: Found label after column 1. (LOOP2)
000228                    M     LOOP2:
000228 0E6F               M     MOVLW d'111'        
00022A 6E14               M     MOVWF L1  
                          M     
                          M     ; Total_cycles for LOOP1 = 8 cycles
Warning[207]: Found label after column 1. (LOOP1)
00022C                    M     LOOP1:
00022C A081               M     BTFSS PORTB, 0
00022E 0012               M     return
000230 0000               M     NOP                 ; busy waiting
000232 0000               M     NOP
000234 0000               M     NOP
000236 0000               M     NOP
000238 0000               M     NOP
00023A 2E14               M     DECFSZ L1, 1        
MPASM 5.84                          HARD.ASM   10-28-2025  0:43:55         PAGE 13


LOC  OBJECT CODE     LINE SOURCE TEXT
  VALUE

00023C D???               M     BRA LOOP1           ; BRA instruction spends 2 cycles
                          M     
                          M     ; 3 cycles
00023E 2E15               M     DECFSZ L2, 1        ; Decrement L2, skip if zero
000240 D???               M     BRA LOOP2           
                      00145 
                      00146         ;2_2
                      00147 ;        MOVLF 0x03, bulb
000242 8217           00148         BSF bulb, 1
000244 8017           00149         BSF bulb, 0
000246 C017 FF89      00150         MOVFF    bulb, LATA
                      00151         DELAY d'111', d'70'
  0000                    M     local LOOP1         ; Inner loop
  0000                    M     local LOOP2         ; Outer loop
                          M     
                          M     ; 2 cycles
00024A 0E46               M     MOVLW d'70'         ; Load num2 into WREG
00024C 6E15               M     MOVWF L2            ; Store WREG value into L2
                          M     
                          M     ; Total_cycles for LOOP2 = 2 cycles
Warning[207]: Found label after column 1. (LOOP2)
00024E                    M     LOOP2:
00024E 0E6F               M     MOVLW d'111'        
000250 6E14               M     MOVWF L1  
                          M     
                          M     ; Total_cycles for LOOP1 = 8 cycles
Warning[207]: Found label after column 1. (LOOP1)
000252                    M     LOOP1:
000252 A081               M     BTFSS PORTB, 0
000254 0012               M     return
000256 0000               M     NOP                 ; busy waiting
000258 0000               M     NOP
00025A 0000               M     NOP
00025C 0000               M     NOP
00025E 0000               M     NOP
000260 2E14               M     DECFSZ L1, 1        
000262 D???               M     BRA LOOP1           ; BRA instruction spends 2 cycles
                          M     
                          M     ; 3 cycles
000264 2E15               M     DECFSZ L2, 1        ; Decrement L2, skip if zero
000266 D???               M     BRA LOOP2           
                      00152         DELAY d'111', d'70'
  0000                    M     local LOOP1         ; Inner loop
  0000                    M     local LOOP2         ; Outer loop
                          M     
                          M     ; 2 cycles
000268 0E46               M     MOVLW d'70'         ; Load num2 into WREG
00026A 6E15               M     MOVWF L2            ; Store WREG value into L2
                          M     
                          M     ; Total_cycles for LOOP2 = 2 cycles
Warning[207]: Found label after column 1. (LOOP2)
00026C                    M     LOOP2:
00026C 0E6F               M     MOVLW d'111'        
MPASM 5.84                          HARD.ASM   10-28-2025  0:43:55         PAGE 14


LOC  OBJECT CODE     LINE SOURCE TEXT
  VALUE

00026E 6E14               M     MOVWF L1  
                          M     
                          M     ; Total_cycles for LOOP1 = 8 cycles
Warning[207]: Found label after column 1. (LOOP1)
000270                    M     LOOP1:
000270 A081               M     BTFSS PORTB, 0
000272 0012               M     return
000274 0000               M     NOP                 ; busy waiting
000276 0000               M     NOP
000278 0000               M     NOP
00027A 0000               M     NOP
00027C 0000               M     NOP
00027E 2E14               M     DECFSZ L1, 1        
000280 D???               M     BRA LOOP1           ; BRA instruction spends 2 cycles
                          M     
                          M     ; 3 cycles
000282 2E15               M     DECFSZ L2, 1        ; Decrement L2, skip if zero
000284 D???               M     BRA LOOP2           
                      00153         DELAY d'111', d'70'
  0000                    M     local LOOP1         ; Inner loop
  0000                    M     local LOOP2         ; Outer loop
                          M     
                          M     ; 2 cycles
000286 0E46               M     MOVLW d'70'         ; Load num2 into WREG
000288 6E15               M     MOVWF L2            ; Store WREG value into L2
                          M     
                          M     ; Total_cycles for LOOP2 = 2 cycles
Warning[207]: Found label after column 1. (LOOP2)
00028A                    M     LOOP2:
00028A 0E6F               M     MOVLW d'111'        
00028C 6E14               M     MOVWF L1  
                          M     
                          M     ; Total_cycles for LOOP1 = 8 cycles
Warning[207]: Found label after column 1. (LOOP1)
00028E                    M     LOOP1:
00028E A081               M     BTFSS PORTB, 0
000290 0012               M     return
000292 0000               M     NOP                 ; busy waiting
000294 0000               M     NOP
000296 0000               M     NOP
000298 0000               M     NOP
00029A 0000               M     NOP
00029C 2E14               M     DECFSZ L1, 1        
00029E D???               M     BRA LOOP1           ; BRA instruction spends 2 cycles
                          M     
                          M     ; 3 cycles
0002A0 2E15               M     DECFSZ L2, 1        ; Decrement L2, skip if zero
0002A2 D???               M     BRA LOOP2           
                      00154         DELAY d'111', d'70'
  0000                    M     local LOOP1         ; Inner loop
  0000                    M     local LOOP2         ; Outer loop
                          M     
                          M     ; 2 cycles
MPASM 5.84                          HARD.ASM   10-28-2025  0:43:55         PAGE 15


LOC  OBJECT CODE     LINE SOURCE TEXT
  VALUE

0002A4 0E46               M     MOVLW d'70'         ; Load num2 into WREG
0002A6 6E15               M     MOVWF L2            ; Store WREG value into L2
                          M     
                          M     ; Total_cycles for LOOP2 = 2 cycles
Warning[207]: Found label after column 1. (LOOP2)
0002A8                    M     LOOP2:
0002A8 0E6F               M     MOVLW d'111'        
0002AA 6E14               M     MOVWF L1  
                          M     
                          M     ; Total_cycles for LOOP1 = 8 cycles
Warning[207]: Found label after column 1. (LOOP1)
0002AC                    M     LOOP1:
0002AC A081               M     BTFSS PORTB, 0
0002AE 0012               M     return
0002B0 0000               M     NOP                 ; busy waiting
0002B2 0000               M     NOP
0002B4 0000               M     NOP
0002B6 0000               M     NOP
0002B8 0000               M     NOP
0002BA 2E14               M     DECFSZ L1, 1        
0002BC D???               M     BRA LOOP1           ; BRA instruction spends 2 cycles
                          M     
                          M     ; 3 cycles
0002BE 2E15               M     DECFSZ L2, 1        ; Decrement L2, skip if zero
0002C0 D???               M     BRA LOOP2           
                      00155 
                      00156         MOVLF 0x02, tmp
0002C2 0E02               M     MOVLW   0x02
0002C4 6E18               M     MOVWF   tmp
0002C6 D???           00157         RCALL   _state2_3
                      00158 
0002C8 0012           00159         RETURN  
                      00160 
0002CA                00161 lightup:
0002CA 0E03           00162     MOVLW   0x03
0002CC 6016           00163     CPFSLT  cnt
0002CE D???           00164     BRA go_state0;>=3
                      00165 
0002D0 A016           00166     BTFSS   cnt, 0
0002D2 EF?? F???      00167     GOTO skip_0
0002D6 D???           00168     RCALL    _state1
0002D8 0012           00169     RETURN
Warning[207]: Found label after column 1. (skip_0)
0002DA                00170     skip_0:
                      00171 
0002DA A216           00172     BTFSS   cnt, 1
0002DC EF?? F???      00173     GOTO skip_1
                      00174     
0002E0 D???           00175     RCALL    _state2
0002E2 0012           00176     RETURN
                      00177     
Warning[207]: Found label after column 1. (skip_1)
0002E4                00178     skip_1:
MPASM 5.84                          HARD.ASM   10-28-2025  0:43:55         PAGE 16


LOC  OBJECT CODE     LINE SOURCE TEXT
  VALUE

                      00179     
                      00180 
0002E4                00181 go_state0:
0002E4 6A16           00182     CLRF    cnt
0002E6 D???           00183     RCALL    _state0
                      00184 
0002E8 0012           00185     RETURN  
                      00186    
                      00187 ; Button check
0002EA                00188 check_process:          
0002EA D???           00189     RCALL   lightup
0002EC B081           00190     BTFSC PORTB, 0      ; Check if PORTB bit 0 is low (button pressed)
0002EE D???           00191     BRA check_process   ; If button is not pressed, branch back to check_process
0002F0 2A16           00192     INCF    cnt, f
                      00193     ; BRA lightup         ; If button is pressed, branch to lightup
                      00194 
                      00195     DELAY_NO_LISTEN d'111', d'70' ; Call delay macro to delay for about 0.25 seconds
  0000                    M     local LOOP1         ; Inner loop
  0000                    M     local LOOP2         ; Outer loop
                          M     
                          M     ; 2 cycles
0002F2 0E46               M     MOVLW d'70'         ; Load num2 into WREG
0002F4 6E15               M     MOVWF L2            ; Store WREG value into L2
                          M     
                          M     ; Total_cycles for LOOP2 = 2 cycles
Warning[207]: Found label after column 1. (LOOP2)
0002F6                    M     LOOP2:
0002F6 0E6F               M     MOVLW d'111'        
0002F8 6E14               M     MOVWF L1  
                          M     
                          M     ; Total_cycles for LOOP1 = 8 cycles
Warning[207]: Found label after column 1. (LOOP1)
0002FA                    M     LOOP1:
0002FA 0000               M     NOP                 ; busy waiting
0002FC 0000               M     NOP
0002FE 0000               M     NOP
000300 0000               M     NOP
000302 0000               M     NOP
000304 2E14               M     DECFSZ L1, 1        
000306 D???               M     BRA LOOP1           ; BRA instruction spends 2 cycles
                          M     
                          M     ; 3 cycles
000308 2E15               M     DECFSZ L2, 1        ; Decrement L2, skip if zero
00030A D???               M     BRA LOOP2           
00030C D???           00196     BRA check_process   
Warning[203]: Found opcode in column 1. (NOP)
00030E 0000           00197 NOP
Warning[205]: Found directive in column 1. (end)
                      00198 end
MPASM 5.84                          HARD.ASM   10-28-2025  0:43:55         PAGE 17


SYMBOL TABLE
  LABEL                             VALUE 

A                                 00000000
ABDEN                             00000000
ABDOVF                            00000007
ACCESS                            00000000
ACKDT                             00000005
ACKEN                             00000004
ACKSTAT                           00000006
ACQT0                             00000003
ACQT1                             00000004
ACQT2                             00000005
ADCON0                            00000FC2
ADCON1                            00000FC1
ADCON2                            00000FC0
ADCS0                             00000000
ADCS1                             00000001
ADCS2                             00000002
ADDEN                             00000003
ADEN                              00000003
ADFM                              00000007
ADIE                              00000006
ADIF                              00000006
ADIP                              00000006
ADMSK1                            00000001
ADMSK2                            00000002
ADMSK3                            00000003
ADMSK4                            00000004
ADMSK5                            00000005
ADON                              00000000
ADRES                             00000FC3
ADRESH                            00000FC4
ADRESL                            00000FC3
AN0                               00000000
AN1                               00000001
AN10                              00000001
AN11                              00000004
AN12                              00000000
AN2                               00000002
AN3                               00000003
AN4                               00000005
AN5                               00000000
AN6                               00000001
AN7                               00000002
AN8                               00000002
AN9                               00000003
BANKED                            00000001
BAUDCON                           00000FB8
BAUDCTL                           00000FB8
BCLIE                             00000003
BCLIF                             00000003
BCLIP                             00000003
BF                                00000000
BGST                              00000005
BOR                               00000000
MPASM 5.84                          HARD.ASM   10-28-2025  0:43:55         PAGE 18


SYMBOL TABLE
  LABEL                             VALUE 

BRG16                             00000003
BRGH                              00000002
BSR                               00000FE0
C                                 00000000
C1INV                             00000004
C1OUT_CMCON                       00000006
C1OUT_PORTA                       00000004
C2INV                             00000005
C2OUT_CMCON                       00000007
C2OUT_PORTA                       00000005
CCP1                              00000002
CCP1CON                           00000FBD
CCP1IE                            00000002
CCP1IF                            00000002
CCP1IP                            00000002
CCP1M0                            00000000
CCP1M1                            00000001
CCP1M2                            00000002
CCP1M3                            00000003
CCP1X                             00000005
CCP1Y                             00000004
CCP2CON                           00000FBA
CCP2IE                            00000000
CCP2IF                            00000000
CCP2IP                            00000000
CCP2M0                            00000000
CCP2M1                            00000001
CCP2M2                            00000002
CCP2M3                            00000003
CCP2X                             00000005
CCP2Y                             00000004
CCP2_PORTB                        00000003
CCP2_PORTC                        00000001
CCPR1                             00000FBE
CCPR1H                            00000FBF
CCPR1L                            00000FBE
CCPR2                             00000FBB
CCPR2H                            00000FBC
CCPR2L                            00000FBB
CFGS                              00000006
CHS0                              00000002
CHS1                              00000003
CHS2                              00000004
CHS3                              00000005
CIS                               00000003
CK                                00000006
CKE                               00000006
CKP                               00000004
CLKI                              00000007
CLKO                              00000006
CM0                               00000000
CM1                               00000001
CM2                               00000002
MPASM 5.84                          HARD.ASM   10-28-2025  0:43:55         PAGE 19


SYMBOL TABLE
  LABEL                             VALUE 

CMCON                             00000FB4
CMIE                              00000006
CMIF                              00000006
CMIP                              00000006
CREN                              00000004
CS                                00000002
CSRC                              00000007
CVR0                              00000000
CVR1                              00000001
CVR2                              00000002
CVR3                              00000003
CVRCON                            00000FB5
CVREF                             00000002
CVREN                             00000007
CVROE                             00000006
CVRR                              00000005
CVRSS                             00000004
D                                 00000005
DC                                00000001
DC1B0                             00000004
DC1B1                             00000005
DC2B0                             00000004
DC2B1                             00000005
DDRA                              TRISA
DDRB                              TRISB
DDRC                              TRISC
DDRD                              TRISD
DDRE                              TRISE
DELAY                             
DELAY_NO_LISTEN                   
DONE                              00000001
D_A                               00000005
D_NOT_A                           00000005
ECCP1AS                           00000FB6
ECCP1DEL                          00000FB7
ECCPAS                            00000FB6
ECCPAS0                           00000004
ECCPAS1                           00000005
ECCPAS2                           00000006
ECCPASE                           00000007
EEADR                             00000FA9
EECON1                            00000FA6
EECON2                            00000FA7
EEDATA                            00000FA8
EEIE                              00000004
EEIF                              00000004
EEIP                              00000004
EEPGD                             00000007
FAST                              00000001
FERR                              00000002
FLT0                              00000000
FLTS                              00000002
FREE                              00000004
MPASM 5.84                          HARD.ASM   10-28-2025  0:43:55         PAGE 20


SYMBOL TABLE
  LABEL                             VALUE 

FSR0                              00000000
FSR0H                             00000FEA
FSR0L                             00000FE9
FSR1                              00000001
FSR1H                             00000FE2
FSR1L                             00000FE1
FSR2                              00000002
FSR2H                             00000FDA
FSR2L                             00000FD9
GCEN                              00000007
GIE                               00000007
GIEH                              00000007
GIEL                              00000006
GIE_GIEH                          00000007
GO                                00000001
GO_DONE                           00000001
GO_NOT_DONE                       00000001
HLVDCON                           00000FD2
HLVDEN                            00000004
HLVDIE                            00000002
HLVDIF                            00000002
HLVDIN                            00000005
HLVDIP                            00000002
HLVDL0                            00000000
HLVDL1                            00000001
HLVDL2                            00000002
HLVDL3                            00000003
IBF                               00000007
IBOV                              00000005
IDLEN                             00000007
INDF0                             00000FEF
INDF1                             00000FE7
INDF2                             00000FDF
INT0                              00000000
INT0E                             00000004
INT0F                             00000001
INT0IE                            00000004
INT0IF                            00000001
INT1                              00000001
INT1E                             00000003
INT1F                             00000000
INT1IE                            00000003
INT1IF                            00000000
INT1IP                            00000006
INT1P                             00000006
INT2                              00000002
INT2E                             00000004
INT2F                             00000001
INT2IE                            00000004
INT2IF                            00000001
INT2IP                            00000007
INT2P                             00000007
INTCON                            00000FF2
MPASM 5.84                          HARD.ASM   10-28-2025  0:43:55         PAGE 21


SYMBOL TABLE
  LABEL                             VALUE 

INTCON2                           00000FF1
INTCON3                           00000FF0
INTEDG0                           00000006
INTEDG1                           00000005
INTEDG2                           00000004
INTSRC                            00000007
IOFS                              00000002
IPEN                              00000007
IPR1                              00000F9F
IPR2                              00000FA2
IRCF0                             00000004
IRCF1                             00000005
IRCF2                             00000006
IRVST                             00000005
IVRST                             00000005
KBI0                              00000004
KBI1                              00000005
KBI2                              00000006
KBI3                              00000007
L1                                00000014
L2                                00000015
LATA                              00000F89
LATA0                             00000000
LATA1                             00000001
LATA2                             00000002
LATA3                             00000003
LATA4                             00000004
LATA5                             00000005
LATA6                             00000006
LATA7                             00000007
LATB                              00000F8A
LATB0                             00000000
LATB1                             00000001
LATB2                             00000002
LATB3                             00000003
LATB4                             00000004
LATB5                             00000005
LATB6                             00000006
LATB7                             00000007
LATC                              00000F8B
LATC0                             00000000
LATC1                             00000001
LATC2                             00000002
LATC3                             00000003
LATC4                             00000004
LATC5                             00000005
LATC6                             00000006
LATC7                             00000007
LATD                              00000F8C
LATD0                             00000000
LATD1                             00000001
LATD2                             00000002
LATD3                             00000003
MPASM 5.84                          HARD.ASM   10-28-2025  0:43:55         PAGE 22


SYMBOL TABLE
  LABEL                             VALUE 

LATD4                             00000004
LATD5                             00000005
LATD6                             00000006
LATD7                             00000007
LATE                              00000F8D
LATE0                             00000000
LATE1                             00000001
LATE2                             00000002
LVDCON                            00000FD2
LVDEN                             00000004
LVDIE                             00000002
LVDIF                             00000002
LVDIN                             00000005
LVDIP                             00000002
LVDL0                             00000000
LVDL1                             00000001
LVDL2                             00000002
LVDL3                             00000003
LVV0                              00000000
LVV1                              00000001
LVV2                              00000002
LVV3                              00000003
MCLR                              00000003
MOVLF                             
N                                 00000004
NOT_A                             00000005
NOT_ADDRESS                       00000005
NOT_BOR                           00000000
NOT_CS                            00000002
NOT_DONE                          00000001
NOT_MCLR                          00000003
NOT_PD                            00000002
NOT_POR                           00000001
NOT_RBPU                          00000007
NOT_RD                            00000000
NOT_RI                            00000004
NOT_SS                            00000005
NOT_T1SYNC                        00000002
NOT_T3SYNC                        00000002
NOT_TO                            00000003
NOT_W                             00000002
NOT_WR                            00000001
NOT_WRITE                         00000002
OBF                               00000006
OERR                              00000001
OSC1                              00000007
OSC2                              00000006
OSCCON                            00000FD3
OSCFIE                            00000007
OSCFIF                            00000007
OSCFIP                            00000007
OSCTUNE                           00000F9B
OSTS                              00000003
MPASM 5.84                          HARD.ASM   10-28-2025  0:43:55         PAGE 23


SYMBOL TABLE
  LABEL                             VALUE 

OV                                00000003
P                                 00000004
P1A                               00000002
P1B                               00000005
P1C                               00000006
P1D                               00000007
P1M0                              00000006
P1M1                              00000007
PC                                00000FF9
PCFG0                             00000000
PCFG1                             00000001
PCFG2                             00000002
PCFG3                             00000003
PCL                               00000FF9
PCLATH                            00000FFA
PCLATU                            00000FFB
PD                                00000002
PDC0                              00000000
PDC1                              00000001
PDC2                              00000002
PDC3                              00000003
PDC4                              00000004
PDC5                              00000005
PDC6                              00000006
PEIE                              00000006
PEIE_GIEL                         00000006
PEN                               00000002
PGC                               00000006
PGD                               00000007
PGM                               00000005
PIE1                              00000F9D
PIE2                              00000FA0
PIR1                              00000F9E
PIR2                              00000FA1
PLLEN                             00000006
PLUSW0                            00000FEB
PLUSW1                            00000FE3
PLUSW2                            00000FDB
POR                               00000001
PORTA                             00000F80
PORTB                             00000F81
PORTC                             00000F82
PORTD                             00000F83
PORTE                             00000F84
POSTDEC0                          00000FED
POSTDEC1                          00000FE5
POSTDEC2                          00000FDD
POSTINC0                          00000FEE
POSTINC1                          00000FE6
POSTINC2                          00000FDE
PR2                               00000FCB
PREINC0                           00000FEC
PREINC1                           00000FE4
MPASM 5.84                          HARD.ASM   10-28-2025  0:43:55         PAGE 24


SYMBOL TABLE
  LABEL                             VALUE 

PREINC2                           00000FDC
PROD                              00000FF3
PRODH                             00000FF4
PRODL                             00000FF3
PRSEN                             00000007
PSA                               00000003
PSP0                              00000000
PSP1                              00000001
PSP2                              00000002
PSP3                              00000003
PSP4                              00000004
PSP5                              00000005
PSP6                              00000006
PSP7                              00000007
PSPIE                             00000007
PSPIF                             00000007
PSPIP                             00000007
PSPMODE                           00000004
PSSAC0                            00000002
PSSAC1                            00000003
PSSBD0                            00000000
PSSBD1                            00000001
PWM1CON                           00000FB7
R                                 00000002
RA0                               00000000
RA1                               00000001
RA2                               00000002
RA3                               00000003
RA4                               00000004
RA5                               00000005
RA6                               00000006
RA7                               00000007
RB0                               00000000
RB1                               00000001
RB2                               00000002
RB3                               00000003
RB4                               00000004
RB5                               00000005
RB6                               00000006
RB7                               00000007
RBIE                              00000003
RBIF                              00000000
RBIP                              00000000
RBPU                              00000007
RC0                               00000000
RC1                               00000001
RC2                               00000002
RC3                               00000003
RC4                               00000004
RC5                               00000005
RC6                               00000006
RC7                               00000007
RCEN                              00000003
MPASM 5.84                          HARD.ASM   10-28-2025  0:43:55         PAGE 25


SYMBOL TABLE
  LABEL                             VALUE 

RCIDL                             00000006
RCIE                              00000005
RCIF                              00000005
RCIP                              00000005
RCMT                              00000006
RCON                              00000FD0
RCREG                             00000FAE
RCSTA                             00000FAB
RD                                00000000
RD0                               00000000
RD1                               00000001
RD16                              00000007
RD2                               00000002
RD3                               00000003
RD4                               00000004
RD5                               00000005
RD6                               00000006
RD7                               00000007
RE0                               00000000
RE1                               00000001
RE2                               00000002
RE3                               00000003
RI                                00000004
RSEN                              00000001
RX                                00000007
RX9                               00000006
RX9D                              00000000
RXDTP                             00000005
R_NOT_W                           00000002
R_W                               00000002
S                                 00000003
SBOREN                            00000006
SCK                               00000003
SCKP                              00000004
SCL                               00000003
SCS0                              00000000
SCS1                              00000001
SDA                               00000004
SDI                               00000004
SDO                               00000005
SEN                               00000000
SENDB                             00000003
SMP                               00000007
SP0                               00000000
SP1                               00000001
SP2                               00000002
SP3                               00000003
SP4                               00000004
SPBRG                             00000FAF
SPBRGH                            00000FB0
SPEN                              00000007
SREN                              00000005
SS                                00000005
MPASM 5.84                          HARD.ASM   10-28-2025  0:43:55         PAGE 26


SYMBOL TABLE
  LABEL                             VALUE 

SSPADD                            00000FC8
SSPBUF                            00000FC9
SSPCON1                           00000FC6
SSPCON2                           00000FC5
SSPEN                             00000005
SSPIE                             00000003
SSPIF                             00000003
SSPIP                             00000003
SSPM0                             00000000
SSPM1                             00000001
SSPM2                             00000002
SSPM3                             00000003
SSPOV                             00000006
SSPSTAT                           00000FC7
STATUS                            00000FD8
STKFUL                            00000007
STKOVF                            00000007
STKPTR                            00000FFC
STKUNF                            00000006
SWDTE                             00000000
SWDTEN                            00000000
SYNC                              00000004
T016BIT                           00000006
T08BIT                            00000006
T0CKI                             00000004
T0CON                             00000FD5
T0CS                              00000005
T0IE                              00000005
T0IF                              00000002
T0PS0                             00000000
T0PS1                             00000001
T0PS2                             00000002
T0PS3                             00000003
T0SE                              00000004
T13CKI                            00000000
T1CKI                             00000000
T1CKPS0                           00000004
T1CKPS1                           00000005
T1CON                             00000FCD
T1OSCEN                           00000003
T1OSI                             00000001
T1OSO                             00000000
T1RUN                             00000006
T1SYNC                            00000002
T2CKPS0                           00000000
T2CKPS1                           00000001
T2CON                             00000FCA
T2OUTPS0                          00000003
T2OUTPS1                          00000004
T2OUTPS2                          00000005
T2OUTPS3                          00000006
T3CCP1                            00000003
T3CCP2                            00000006
MPASM 5.84                          HARD.ASM   10-28-2025  0:43:55         PAGE 27


SYMBOL TABLE
  LABEL                             VALUE 

T3CKPS0                           00000004
T3CKPS1                           00000005
T3CON                             00000FB1
T3SYNC                            00000002
TABLAT                            00000FF5
TBLPTR                            00000FF6
TBLPTRH                           00000FF7
TBLPTRL                           00000FF6
TBLPTRU                           00000FF8
TMR0                              00000FD6
TMR0H                             00000FD7
TMR0IE                            00000005
TMR0IF                            00000002
TMR0IP                            00000002
TMR0L                             00000FD6
TMR0ON                            00000007
TMR1                              00000FCE
TMR1CS                            00000001
TMR1H                             00000FCF
TMR1IE                            00000000
TMR1IF                            00000000
TMR1IP                            00000000
TMR1L                             00000FCE
TMR1ON                            00000000
TMR2                              00000FCC
TMR2IE                            00000001
TMR2IF                            00000001
TMR2IP                            00000001
TMR2ON                            00000002
TMR3                              00000FB2
TMR3CS                            00000001
TMR3H                             00000FB3
TMR3IE                            00000001
TMR3IF                            00000001
TMR3IP                            00000001
TMR3L                             00000FB2
TMR3ON                            00000000
TO                                00000003
TOS                               00000FFD
TOSH                              00000FFE
TOSL                              00000FFD
TOSU                              00000FFF
TOUTPS0                           00000003
TOUTPS1                           00000004
TOUTPS2                           00000005
TOUTPS3                           00000006
TRISA                             00000F92
TRISA0                            00000000
TRISA1                            00000001
TRISA2                            00000002
TRISA3                            00000003
TRISA4                            00000004
TRISA5                            00000005
MPASM 5.84                          HARD.ASM   10-28-2025  0:43:55         PAGE 28


SYMBOL TABLE
  LABEL                             VALUE 

TRISA6                            00000006
TRISA7                            00000007
TRISB                             00000F93
TRISB0                            00000000
TRISB1                            00000001
TRISB2                            00000002
TRISB3                            00000003
TRISB4                            00000004
TRISB5                            00000005
TRISB6                            00000006
TRISB7                            00000007
TRISC                             00000F94
TRISC0                            00000000
TRISC1                            00000001
TRISC2                            00000002
TRISC3                            00000003
TRISC4                            00000004
TRISC5                            00000005
TRISC6                            00000006
TRISC7                            00000007
TRISD                             00000F95
TRISD0                            00000000
TRISD1                            00000001
TRISD2                            00000002
TRISD3                            00000003
TRISD4                            00000004
TRISD5                            00000005
TRISD6                            00000006
TRISD7                            00000007
TRISE                             00000F96
TRISE0                            00000000
TRISE1                            00000001
TRISE2                            00000002
TRMT                              00000001
TUN0                              00000000
TUN1                              00000001
TUN2                              00000002
TUN3                              00000003
TUN4                              00000004
TX                                00000006
TX9                               00000006
TX9D                              00000000
TXCKP                             00000004
TXEN                              00000005
TXIE                              00000004
TXIF                              00000004
TXIP                              00000004
TXREG                             00000FAD
TXSTA                             00000FAC
UA                                00000001
VCFG0                             00000004
VCFG1                             00000005
VDIRMAG                           00000007
MPASM 5.84                          HARD.ASM   10-28-2025  0:43:55         PAGE 29


SYMBOL TABLE
  LABEL                             VALUE 

VPP                               00000003
VREFN                             00000002
VREFP                             00000003
W                                 00000000
WCOL                              00000007
WDTCON                            00000FD1
WR                                00000001
WREG                              00000FE8
WREN                              00000002
WRERR                             00000003
WUE                               00000001
Z                                 00000002
_BOREN_NOSLP_2L                   000000FD
_BOREN_OFF_2L                     000000F9
_BOREN_ON_2L                      000000FB
_BOREN_SBORDIS_2L                 000000FF
_BORV_0_2L                        000000E7
_BORV_1_2L                        000000EF
_BORV_2_2L                        000000F7
_BORV_3_2L                        000000FF
_CCP2MX_PORTBE_3H                 000000FE
_CCP2MX_PORTC_3H                  000000FF
_CONFIG1H                         00300001
_CONFIG2H                         00300003
_CONFIG2L                         00300002
_CONFIG3H                         00300005
_CONFIG4L                         00300006
_CONFIG5H                         00300009
_CONFIG5L                         00300008
_CONFIG6H                         0030000B
_CONFIG6L                         0030000A
_CONFIG7H                         0030000D
_CONFIG7L                         0030000C
_CP0_OFF_5L                       000000FF
_CP0_ON_5L                        000000FE
_CP1_OFF_5L                       000000FF
_CP1_ON_5L                        000000FD
_CP2_OFF_5L                       000000FF
_CP2_ON_5L                        000000FB
_CP3_OFF_5L                       000000FF
_CP3_ON_5L                        000000F7
_CPB_OFF_5H                       000000FF
_CPB_ON_5H                        000000BF
_CPD_OFF_5H                       000000FF
_CPD_ON_5H                        0000007F
_DEBUG_OFF_4L                     000000FF
_DEBUG_ON_4L                      0000007F
_DEVID1                           003FFFFE
_DEVID2                           003FFFFF
_EBTR0_OFF_7L                     000000FF
_EBTR0_ON_7L                      000000FE
_EBTR1_OFF_7L                     000000FF
_EBTR1_ON_7L                      000000FD
MPASM 5.84                          HARD.ASM   10-28-2025  0:43:55         PAGE 30


SYMBOL TABLE
  LABEL                             VALUE 

_EBTR2_OFF_7L                     000000FF
_EBTR2_ON_7L                      000000FB
_EBTR3_OFF_7L                     000000FF
_EBTR3_ON_7L                      000000F7
_EBTRB_OFF_7H                     000000FF
_EBTRB_ON_7H                      000000BF
_FCMEN_OFF_1H                     000000BF
_FCMEN_ON_1H                      000000FF
_IDLOC0                           00200000
_IDLOC1                           00200001
_IDLOC2                           00200002
_IDLOC3                           00200003
_IDLOC4                           00200004
_IDLOC5                           00200005
_IDLOC6                           00200006
_IDLOC7                           00200007
_IESO_OFF_1H                      0000007F
_IESO_ON_1H                       000000FF
_LPT1OSC_OFF_3H                   000000FB
_LPT1OSC_ON_3H                    000000FF
_LVP_OFF_4L                       000000FB
_LVP_ON_4L                        000000FF
_MCLRE_OFF_3H                     0000007F
_MCLRE_ON_3H                      000000FF
_OSC_ECIO6_1H                     000000F5
_OSC_EC_1H                        000000F4
_OSC_HSPLL_1H                     000000F6
_OSC_HS_1H                        000000F2
_OSC_INTIO67_1H                   000000F8
_OSC_INTIO7_1H                    000000F9
_OSC_LP_1H                        000000F0
_OSC_RCIO6_1H                     000000F7
_OSC_RC_1H                        000000F3
_OSC_XT_1H                        000000F1
_PBADEN_OFF_3H                    000000FD
_PBADEN_ON_3H                     000000FF
_PWRT_OFF_2L                      000000FF
_PWRT_ON_2L                       000000FE
_STVREN_OFF_4L                    000000FE
_STVREN_ON_4L                     000000FF
_WDTPS_1024_2H                    000000F5
_WDTPS_128_2H                     000000EF
_WDTPS_16384_2H                   000000FD
_WDTPS_16_2H                      000000E9
_WDTPS_1_2H                       000000E1
_WDTPS_2048_2H                    000000F7
_WDTPS_256_2H                     000000F1
_WDTPS_2_2H                       000000E3
_WDTPS_32768_2H                   000000FF
_WDTPS_32_2H                      000000EB
_WDTPS_4096_2H                    000000F9
_WDTPS_4_2H                       000000E5
_WDTPS_512_2H                     000000F3
MPASM 5.84                          HARD.ASM   10-28-2025  0:43:55         PAGE 31


SYMBOL TABLE
  LABEL                             VALUE 

_WDTPS_64_2H                      000000ED
_WDTPS_8192_2H                    000000FB
_WDTPS_8_2H                       000000E7
_WDT_OFF_2H                       000000FE
_WDT_ON_2H                        000000FF
_WRT0_OFF_6L                      000000FF
_WRT0_ON_6L                       000000FE
_WRT1_OFF_6L                      000000FF
_WRT1_ON_6L                       000000FD
_WRT2_OFF_6L                      000000FF
_WRT2_ON_6L                       000000FB
_WRT3_OFF_6L                      000000FF
_WRT3_ON_6L                       000000F7
_WRTB_OFF_6H                      000000FF
_WRTB_ON_6H                       000000BF
_WRTC_OFF_6H                      000000FF
_WRTC_ON_6H                       000000DF
_WRTD_OFF_6H                      000000FF
_WRTD_ON_6H                       0000007F
_XINST_OFF_4L                     000000BF
_XINST_ON_4L                      000000FF
__18F4520                         00000001
__DEBUG                           
_state0                           00000126
_state1                           00000130
_state2                           000001FE
_state2_3                         0000001C
bulb                              00000017
check_process                     000002EA
cnt                               00000016
go_state0                         000002E4
int                               00000000
lightup                           000002CA
skip_0                            000002DA
skip_1                            000002E4
start                             00000000
tmp                               00000018

Errors   :     0
Warnings :    59 reported,     0 suppressed
Messages :     0 reported,     0 suppressed

