Warning[205] C:\USERS\SEANA\MPLABXPROJECTS\LAB6.X\HARD.ASM 1 : Found directive in column 1. (LIST)
Warning[207] C:\USERS\SEANA\MPLABXPROJECTS\LAB6.X\HARD.ASM 8 : Found label after column 1. (L1)
Warning[207] C:\USERS\SEANA\MPLABXPROJECTS\LAB6.X\HARD.ASM 9 : Found label after column 1. (L2)
Warning[207] C:\USERS\SEANA\MPLABXPROJECTS\LAB6.X\HARD.ASM 10 : Found label after column 1. (cnt)
Warning[207] C:\USERS\SEANA\MPLABXPROJECTS\LAB6.X\HARD.ASM 11 : Found label after column 1. (bulb)
Warning[207] C:\USERS\SEANA\MPLABXPROJECTS\LAB6.X\HARD.ASM 12 : Found label after column 1. (tmp)
Warning[205] C:\USERS\SEANA\MPLABXPROJECTS\LAB6.X\HARD.ASM 17 : Found directive in column 1. (ENDM)
Warning[205] C:\USERS\SEANA\MPLABXPROJECTS\LAB6.X\HARD.ASM 49 : Found directive in column 1. (endm)
Warning[205] C:\USERS\SEANA\MPLABXPROJECTS\LAB6.X\HARD.ASM 78 : Found directive in column 1. (endm)
Warning[207] C:\USERS\SEANA\MPLABXPROJECTS\LAB6.X\HARD.ASM 97 : Found label after column 1. (_state2_3)
Warning[207] C:\USERS\SEANA\MPLABXPROJECTS\LAB6.X\HARD.ASM 59 : Found label after column 1. (LOOP2)
Warning[207] C:\USERS\SEANA\MPLABXPROJECTS\LAB6.X\HARD.ASM 64 : Found label after column 1. (LOOP1)
Warning[207] C:\USERS\SEANA\MPLABXPROJECTS\LAB6.X\HARD.ASM 59 : Found label after column 1. (LOOP2)
Warning[207] C:\USERS\SEANA\MPLABXPROJECTS\LAB6.X\HARD.ASM 64 : Found label after column 1. (LOOP1)
Warning[207] C:\USERS\SEANA\MPLABXPROJECTS\LAB6.X\HARD.ASM 59 : Found label after column 1. (LOOP2)
Warning[207] C:\USERS\SEANA\MPLABXPROJECTS\LAB6.X\HARD.ASM 64 : Found label after column 1. (LOOP1)
Warning[207] C:\USERS\SEANA\MPLABXPROJECTS\LAB6.X\HARD.ASM 59 : Found label after column 1. (LOOP2)
Warning[207] C:\USERS\SEANA\MPLABXPROJECTS\LAB6.X\HARD.ASM 64 : Found label after column 1. (LOOP1)
Warning[207] C:\USERS\SEANA\MPLABXPROJECTS\LAB6.X\HARD.ASM 59 : Found label after column 1. (LOOP2)
Warning[207] C:\USERS\SEANA\MPLABXPROJECTS\LAB6.X\HARD.ASM 64 : Found label after column 1. (LOOP1)
Warning[207] C:\USERS\SEANA\MPLABXPROJECTS\LAB6.X\HARD.ASM 59 : Found label after column 1. (LOOP2)
Warning[207] C:\USERS\SEANA\MPLABXPROJECTS\LAB6.X\HARD.ASM 64 : Found label after column 1. (LOOP1)
Warning[207] C:\USERS\SEANA\MPLABXPROJECTS\LAB6.X\HARD.ASM 59 : Found label after column 1. (LOOP2)
Warning[207] C:\USERS\SEANA\MPLABXPROJECTS\LAB6.X\HARD.ASM 64 : Found label after column 1. (LOOP1)
Warning[207] C:\USERS\SEANA\MPLABXPROJECTS\LAB6.X\HARD.ASM 59 : Found label after column 1. (LOOP2)
Warning[207] C:\USERS\SEANA\MPLABXPROJECTS\LAB6.X\HARD.ASM 64 : Found label after column 1. (LOOP1)
Warning[207] C:\USERS\SEANA\MPLABXPROJECTS\LAB6.X\HARD.ASM 117 : Found label after column 1. (_state0)
Warning[207] C:\USERS\SEANA\MPLABXPROJECTS\LAB6.X\HARD.ASM 122 : Found label after column 1. (_state1)
Warning[207] C:\USERS\SEANA\MPLABXPROJECTS\LAB6.X\HARD.ASM 59 : Found label after column 1. (LOOP2)
Warning[207] C:\USERS\SEANA\MPLABXPROJECTS\LAB6.X\HARD.ASM 64 : Found label after column 1. (LOOP1)
Warning[207] C:\USERS\SEANA\MPLABXPROJECTS\LAB6.X\HARD.ASM 59 : Found label after column 1. (LOOP2)
Warning[207] C:\USERS\SEANA\MPLABXPROJECTS\LAB6.X\HARD.ASM 64 : Found label after column 1. (LOOP1)
Warning[207] C:\USERS\SEANA\MPLABXPROJECTS\LAB6.X\HARD.ASM 59 : Found label after column 1. (LOOP2)
Warning[207] C:\USERS\SEANA\MPLABXPROJECTS\LAB6.X\HARD.ASM 64 : Found label after column 1. (LOOP1)
Warning[207] C:\USERS\SEANA\MPLABXPROJECTS\LAB6.X\HARD.ASM 59 : Found label after column 1. (LOOP2)
Warning[207] C:\USERS\SEANA\MPLABXPROJECTS\LAB6.X\HARD.ASM 64 : Found label after column 1. (LOOP1)
Warning[207] C:\USERS\SEANA\MPLABXPROJECTS\LAB6.X\HARD.ASM 59 : Found label after column 1. (LOOP2)
Warning[207] C:\USERS\SEANA\MPLABXPROJECTS\LAB6.X\HARD.ASM 64 : Found label after column 1. (LOOP1)
Warning[207] C:\USERS\SEANA\MPLABXPROJECTS\LAB6.X\HARD.ASM 59 : Found label after column 1. (LOOP2)
Warning[207] C:\USERS\SEANA\MPLABXPROJECTS\LAB6.X\HARD.ASM 64 : Found label after column 1. (LOOP1)
Warning[207] C:\USERS\SEANA\MPLABXPROJECTS\LAB6.X\HARD.ASM 139 : Found label after column 1. (_state2)
Warning[207] C:\USERS\SEANA\MPLABXPROJECTS\LAB6.X\HARD.ASM 59 : Found label after column 1. (LOOP2)
Warning[207] C:\USERS\SEANA\MPLABXPROJECTS\LAB6.X\HARD.ASM 64 : Found label after column 1. (LOOP1)
Warning[207] C:\USERS\SEANA\MPLABXPROJECTS\LAB6.X\HARD.ASM 59 : Found label after column 1. (LOOP2)
Warning[207] C:\USERS\SEANA\MPLABXPROJECTS\LAB6.X\HARD.ASM 64 : Found label after column 1. (LOOP1)
Warning[207] C:\USERS\SEANA\MPLABXPROJECTS\LAB6.X\HARD.ASM 59 : Found label after column 1. (LOOP2)
Warning[207] C:\USERS\SEANA\MPLABXPROJECTS\LAB6.X\HARD.ASM 64 : Found label after column 1. (LOOP1)
Warning[207] C:\USERS\SEANA\MPLABXPROJECTS\LAB6.X\HARD.ASM 59 : Found label after column 1. (LOOP2)
Warning[207] C:\USERS\SEANA\MPLABXPROJECTS\LAB6.X\HARD.ASM 64 : Found label after column 1. (LOOP1)
Warning[207] C:\USERS\SEANA\MPLABXPROJECTS\LAB6.X\HARD.ASM 59 : Found label after column 1. (LOOP2)
Warning[207] C:\USERS\SEANA\MPLABXPROJECTS\LAB6.X\HARD.ASM 64 : Found label after column 1. (LOOP1)
Warning[207] C:\USERS\SEANA\MPLABXPROJECTS\LAB6.X\HARD.ASM 59 : Found label after column 1. (LOOP2)
Warning[207] C:\USERS\SEANA\MPLABXPROJECTS\LAB6.X\HARD.ASM 64 : Found label after column 1. (LOOP1)
Warning[207] C:\USERS\SEANA\MPLABXPROJECTS\LAB6.X\HARD.ASM 170 : Found label after column 1. (skip_0)
Warning[207] C:\USERS\SEANA\MPLABXPROJECTS\LAB6.X\HARD.ASM 178 : Found label after column 1. (skip_1)
Warning[207] C:\USERS\SEANA\MPLABXPROJECTS\LAB6.X\HARD.ASM 32 : Found label after column 1. (LOOP2)
Warning[207] C:\USERS\SEANA\MPLABXPROJECTS\LAB6.X\HARD.ASM 37 : Found label after column 1. (LOOP1)
Warning[203] C:\USERS\SEANA\MPLABXPROJECTS\LAB6.X\HARD.ASM 197 : Found opcode in column 1. (NOP)
Warning[205] C:\USERS\SEANA\MPLABXPROJECTS\LAB6.X\HARD.ASM 198 : Found directive in column 1. (end)
